{
  "RSpec": {
    "coverage": {
      "/Users/Sajje/Programming/ca_projects/tech_interview_api/tech-interview-scaffold-api/spec/spec_helper.rb": [
        null,
        1,
        1,
        1,
        null,
        null,
        1,
        1,
        null,
        null,
        1,
        null
      ],
      "/Users/Sajje/Programming/ca_projects/tech_interview_api/tech-interview-scaffold-api/config/environment.rb": [
        null,
        1,
        null,
        null,
        1
      ],
      "/Users/Sajje/Programming/ca_projects/tech_interview_api/tech-interview-scaffold-api/config/application.rb": [
        1,
        null,
        1,
        1,
        1,
        1,
        1,
        1,
        1,
        1,
        1,
        1,
        1,
        null,
        1,
        null,
        1,
        1,
        1,
        1,
        1,
        1,
        1,
        1,
        1,
        1,
        1,
        null,
        null,
        null
      ],
      "/Users/Sajje/Programming/ca_projects/tech_interview_api/tech-interview-scaffold-api/config/boot.rb": [
        1,
        null,
        1,
        1
      ],
      "/Users/Sajje/Programming/ca_projects/tech_interview_api/tech-interview-scaffold-api/config/environments/test.rb": [
        null,
        null,
        null,
        null,
        null,
        1,
        null,
        null,
        1,
        1,
        null,
        null,
        null,
        null,
        1,
        null,
        null,
        1,
        1,
        null,
        null,
        null,
        null,
        1,
        1,
        1,
        null,
        null,
        1,
        null,
        null,
        1,
        null,
        null,
        1,
        null,
        1,
        null,
        null,
        null,
        null,
        1,
        null,
        null,
        1,
        null,
        null,
        null,
        null
      ],
      "/Users/Sajje/Programming/ca_projects/tech_interview_api/tech-interview-scaffold-api/config/initializers/application_controller_renderer.rb": [
        null,
        null,
        null,
        null,
        null,
        null,
        null,
        null
      ],
      "/Users/Sajje/Programming/ca_projects/tech_interview_api/tech-interview-scaffold-api/config/initializers/backtrace_silencers.rb": [
        null,
        null,
        null,
        null,
        null,
        null,
        null
      ],
      "/Users/Sajje/Programming/ca_projects/tech_interview_api/tech-interview-scaffold-api/config/initializers/cors.rb": [
        null,
        null,
        null,
        null,
        null,
        null,
        null,
        null,
        null,
        null,
        null,
        null,
        null,
        null,
        null,
        null
      ],
      "/Users/Sajje/Programming/ca_projects/tech_interview_api/tech-interview-scaffold-api/config/initializers/filter_parameter_logging.rb": [
        null,
        null,
        null,
        1
      ],
      "/Users/Sajje/Programming/ca_projects/tech_interview_api/tech-interview-scaffold-api/config/initializers/inflections.rb": [
        null,
        null,
        null,
        null,
        null,
        null,
        null,
        null,
        null,
        null,
        null,
        null,
        null,
        null,
        null,
        null
      ],
      "/Users/Sajje/Programming/ca_projects/tech_interview_api/tech-interview-scaffold-api/config/initializers/mime_types.rb": [
        null,
        null,
        null,
        null
      ],
      "/Users/Sajje/Programming/ca_projects/tech_interview_api/tech-interview-scaffold-api/config/initializers/wrap_parameters.rb": [
        null,
        null,
        null,
        null,
        null,
        null,
        1,
        2,
        null,
        null,
        null,
        null,
        null,
        null
      ],
      "/Users/Sajje/Programming/ca_projects/tech_interview_api/tech-interview-scaffold-api/config/routes.rb": [
        1,
        1,
        1,
        null,
        null
      ],
      "/Users/Sajje/Programming/ca_projects/tech_interview_api/tech-interview-scaffold-api/spec/requests/api/requests_request_spec.rb": [
        1,
        null,
        1,
        null,
        null
      ],
      "/Users/Sajje/Programming/ca_projects/tech_interview_api/tech-interview-scaffold-api/spec/requests/api/slack_bot_requests_spec.rb": [
        1,
        1,
        1,
        3,
        null,
        null,
        1,
        1,
        null,
        null,
        1,
        1,
        null,
        null,
        1,
        1,
        null,
        null,
        null
      ],
      "/Users/Sajje/Programming/ca_projects/tech_interview_api/tech-interview-scaffold-api/app/controllers/application_controller.rb": [
        1,
        null
      ],
      "/Users/Sajje/Programming/ca_projects/tech_interview_api/tech-interview-scaffold-api/app/controllers/api/requests_controller.rb": [
        1,
        1,
        3,
        null,
        null
      ]
    },
    "timestamp": 1591717070
  }
}
